<?xml version="1.0" encoding="UTF-8"?>
<!-- Generated by org.testng.reporters.JUnitReportReporter -->
<testsuite hostname="LAPTOP-RJ73CUL4" failures="0" tests="2" name="testData.TestngClass2$TestngClass" time="0.002" errors="0" timestamp="2022-10-22T00:08:06 IST" skipped="0">
  <testcase classname="testData.TestngClass2$TestngClass" name="test3" time="0.001"/>
  <system-out/>
  <testcase classname="testData.TestngClass2$TestngClass" name="test4" time="0.001"/>
  <system-out/>
</testsuite> <!-- testData.TestngClass2$TestngClass -->
