<?xml version="1.0" encoding="UTF-8"?>
<!-- Generated by org.testng.reporters.JUnitReportReporter -->
<testsuite hostname="LAPTOP-RJ73CUL4" failures="0" tests="2" name="testData.TestngClass" time="0.009" errors="0" timestamp="2022-10-20T00:53:20 IST" skipped="0">
  <testcase classname="testData.TestngClass" name="test" time="0.006"/>
  <system-out/>
  <testcase classname="testData.TestngClass" name="test2" time="0.003"/>
  <system-out/>
</testsuite> <!-- testData.TestngClass -->
