<?xml version="1.0" encoding="UTF-8"?>
<!-- Generated by org.testng.reporters.JUnitReportReporter -->
<testsuite hostname="LAPTOP-RJ73CUL4" failures="0" tests="2" name="testData.TestngClass2" time="0.009" errors="0" timestamp="2022-11-03T21:27:55 IST" skipped="0">
  <testcase classname="testData.TestngClass2" name="test4" time="0.002"/>
  <system-out/>
  <testcase classname="testData.TestngClass2" name="test3" time="0.007"/>
  <system-out/>
</testsuite> <!-- testData.TestngClass2 -->
