<?xml version="1.0" encoding="UTF-8"?>
<!-- Generated by org.testng.reporters.JUnitReportReporter -->
<testsuite hostname="LAPTOP-RJ73CUL4" failures="0" tests="2" name="testData.TestngClass1" time="0.009" errors="0" timestamp="2022-10-25T13:35:30 IST" skipped="0">
  <testcase classname="testData.TestngClass1" name="testB" time="0.002"/>
  <system-out/>
  <testcase classname="testData.TestngClass1" name="testA" time="0.007"/>
  <system-out/>
</testsuite> <!-- testData.TestngClass1 -->
