<?xml version="1.0" encoding="UTF-8"?>
<!-- Generated by org.testng.reporters.JUnitReportReporter -->
<testsuite hostname="LAPTOP-RJ73CUL4" failures="0" tests="2" name="testData.TestClass" time="25.235" errors="0" timestamp="2022-10-12T17:48:53 IST" skipped="0">
  <testcase classname="testData.TestClass" name="test2" time="12.640"/>
  <system-out/>
  <testcase classname="testData.TestClass" name="test" time="12.595"/>
  <system-out/>
</testsuite> <!-- testData.TestClass -->
